2024-08-12 07:24:57,024 [main] INFO CoverFoxInsurance - opening browser
2024-08-12 07:25:02,433 [main] INFO CoverFoxInsurance - Clicking on Gender button
2024-08-12 07:25:03,537 [main] INFO CoverFoxInsurance - Clicking on next button
2024-08-12 07:25:05,535 [main] WARN CoverFoxInsurance - enter age between 18-90 years
2024-08-12 07:25:05,536 [main] INFO CoverFoxInsurance - Handeling age drop doen
2024-08-12 07:25:05,608 [main] INFO CoverFoxInsurance - Clicking on next button
2024-08-12 07:25:06,791 [main] WARN CoverFoxInsurance - Please enter valid pin code
2024-08-12 07:25:06,792 [main] INFO CoverFoxInsurance - entering pin code
2024-08-12 07:25:06,996 [main] WARN CoverFoxInsurance - Please enter valid mobile number
2024-08-12 07:25:06,997 [main] INFO CoverFoxInsurance - entering mobile number
2024-08-12 07:25:07,077 [main] INFO CoverFoxInsurance - Clicking on continue button
2024-08-12 07:25:11,148 [main] INFO CoverFoxInsurance - validating banners
2024-08-12 07:25:15,162 [main] INFO CoverFoxInsurance - validating presence of sort button
2024-08-12 07:25:15,230 [main] INFO CoverFoxInsurance - closing browser
2024-08-12 07:46:14,017 [main] INFO CoverFoxInsurance - opening browser
2024-08-12 07:46:18,681 [main] INFO CoverFoxInsurance - Clicking on Gender button
2024-08-12 07:46:19,769 [main] INFO CoverFoxInsurance - Clicking on next button
2024-08-12 07:46:22,016 [main] WARN CoverFoxInsurance - enter age between 18-90 years
2024-08-12 07:46:22,017 [main] INFO CoverFoxInsurance - Handeling age drop doen
2024-08-12 07:46:22,086 [main] INFO CoverFoxInsurance - Clicking on next button
2024-08-12 07:46:23,331 [main] WARN CoverFoxInsurance - Please enter valid pin code
2024-08-12 07:46:23,331 [main] INFO CoverFoxInsurance - entering pin code
2024-08-12 07:46:23,522 [main] WARN CoverFoxInsurance - Please enter valid mobile number
2024-08-12 07:46:23,522 [main] INFO CoverFoxInsurance - entering mobile number
2024-08-12 07:46:23,616 [main] INFO CoverFoxInsurance - Clicking on continue button
2024-08-12 07:46:27,716 [main] INFO CoverFoxInsurance - validating banners
2024-08-12 07:46:31,748 [main] INFO CoverFoxInsurance - validating presence of sort button
2024-08-12 07:46:31,786 [main] INFO CoverFoxInsurance - closing browser
2024-08-12 07:50:01,736 [main] INFO CoverFoxInsurance - opening browser
2024-08-12 07:50:07,408 [main] INFO CoverFoxInsurance - Clicking on Gender button
2024-08-12 07:50:08,486 [main] INFO CoverFoxInsurance - Clicking on next button
2024-08-12 07:50:11,062 [main] WARN CoverFoxInsurance - enter age between 18-90 years
2024-08-12 07:50:11,062 [main] INFO CoverFoxInsurance - Handeling age drop doen
2024-08-12 07:50:11,125 [main] INFO CoverFoxInsurance - Clicking on next button
2024-08-12 07:50:12,301 [main] WARN CoverFoxInsurance - Please enter valid pin code
2024-08-12 07:50:12,301 [main] INFO CoverFoxInsurance - entering pin code
2024-08-12 07:50:12,509 [main] WARN CoverFoxInsurance - Please enter valid mobile number
2024-08-12 07:50:12,509 [main] INFO CoverFoxInsurance - entering mobile number
2024-08-12 07:50:12,613 [main] INFO CoverFoxInsurance - Clicking on continue button
2024-08-12 07:50:16,696 [main] INFO CoverFoxInsurance - validating banners
2024-08-12 07:50:20,724 [main] INFO CoverFoxInsurance - validating presence of sort button
2024-08-12 07:50:20,761 [main] INFO CoverFoxInsurance - closing browser
2024-08-12 08:00:27,370 [main] INFO CoverFoxInsurance - opening browser
2024-08-12 08:00:33,653 [main] INFO CoverFoxInsurance - Clicking on Gender button
2024-08-12 08:00:34,716 [main] INFO CoverFoxInsurance - Clicking on next button
2024-08-12 08:00:37,063 [main] WARN CoverFoxInsurance - enter age between 18-90 years
2024-08-12 08:00:37,064 [main] INFO CoverFoxInsurance - Handeling age drop doen
2024-08-12 08:00:37,131 [main] INFO CoverFoxInsurance - Clicking on next button
2024-08-12 08:00:38,417 [main] WARN CoverFoxInsurance - Please enter valid pin code
2024-08-12 08:00:38,418 [main] INFO CoverFoxInsurance - entering pin code
2024-08-12 08:00:38,605 [main] WARN CoverFoxInsurance - Please enter valid mobile number
2024-08-12 08:00:38,606 [main] INFO CoverFoxInsurance - entering mobile number
2024-08-12 08:00:38,716 [main] INFO CoverFoxInsurance - Clicking on continue button
2024-08-12 08:00:42,845 [main] INFO CoverFoxInsurance - validating banners
2024-08-12 08:00:47,047 [main] INFO CoverFoxInsurance - closing browser
2024-08-12 17:24:28,618 [main] INFO CoverFoxInsurance - opening browser
2024-08-12 17:24:36,604 [main] INFO CoverFoxInsurance - Clicking on Gender button
2024-08-12 17:24:37,705 [main] INFO CoverFoxInsurance - Clicking on next button
2024-08-12 17:24:41,011 [main] WARN CoverFoxInsurance - enter age between 18-90 years
2024-08-12 17:24:41,011 [main] INFO CoverFoxInsurance - Handeling age drop doen
2024-08-12 17:24:41,106 [main] INFO CoverFoxInsurance - Clicking on next button
2024-08-12 17:24:42,462 [main] WARN CoverFoxInsurance - Please enter valid pin code
2024-08-12 17:24:42,462 [main] INFO CoverFoxInsurance - entering pin code
2024-08-12 17:24:42,808 [main] WARN CoverFoxInsurance - Please enter valid mobile number
2024-08-12 17:24:42,808 [main] INFO CoverFoxInsurance - entering mobile number
2024-08-12 17:24:42,957 [main] INFO CoverFoxInsurance - Clicking on continue button
2024-08-12 17:24:47,076 [main] INFO CoverFoxInsurance - validating banners
2024-08-12 17:24:51,335 [main] INFO CoverFoxInsurance - closing browser
2024-08-12 17:26:36,617 [main] INFO CoverFoxInsurance - opening browser
2024-08-12 17:26:42,354 [main] INFO CoverFoxInsurance - Clicking on Gender button
2024-08-12 17:26:43,454 [main] INFO CoverFoxInsurance - Clicking on next button
2024-08-12 17:26:46,540 [main] WARN CoverFoxInsurance - enter age between 18-90 years
2024-08-12 17:26:46,540 [main] INFO CoverFoxInsurance - Handeling age drop doen
2024-08-12 17:26:46,652 [main] INFO CoverFoxInsurance - Clicking on next button
2024-08-12 17:26:48,027 [main] WARN CoverFoxInsurance - Please enter valid pin code
2024-08-12 17:26:48,027 [main] INFO CoverFoxInsurance - entering pin code
2024-08-12 17:26:48,350 [main] WARN CoverFoxInsurance - Please enter valid mobile number
2024-08-12 17:26:48,350 [main] INFO CoverFoxInsurance - entering mobile number
2024-08-12 17:26:48,486 [main] INFO CoverFoxInsurance - Clicking on continue button
2024-08-12 17:26:52,598 [main] INFO CoverFoxInsurance - validating banners
2024-08-12 17:26:56,627 [main] INFO CoverFoxInsurance - validating presence of sort button
2024-08-12 17:26:56,681 [main] INFO CoverFoxInsurance - closing browser
